2025-07-09 10:33:22 - PRUEBA DE ESCRITURA LOG (inicio metodo)
2025-07-09 10:33:22 - Antes de registrarInscripcionBasica
2025-07-09 10:33:22 - Después de registrarInscripcionBasica, valor de ok: true
2025-07-09 10:33:22 - Entrando a bloque ok==true
2025-07-09 10:33:22 - Antes de getById2 usuario inscrito
2025-07-09 10:33:22 - Antes de getEvento
2025-07-09 10:33:22 - Después de getEvento
2025-07-09 10:33:22 - ORGANIZADORES existe
2025-07-09 10:33:22 - ORGANIZADORES es array, count: 2
2025-07-09 10:33:22 - Recorriendo ORGANIZADOR: {"SECUENCIALUSUARIO":92,"ROL_ORGANIZADOR":"RESPONSABLE","NOMBRES":"Andres","APELLIDOS":"P\u00e9rez","CORREO":"cjurado5795@uta.edu.ec"}
2025-07-09 10:33:22 - Encontrado RESPONSABLE
2025-07-09 10:33:22 - Entró al if (responsable)
2025-07-09 10:33:22 - Después de getById2 responsable
2025-07-09 10:33:22 - Datos responsable: correo=cjurado5795@uta.edu.ec, nombre=Andres Pérez
2025-07-09 10:33:22 - Intentando enviar correo a responsable: cjurado5795@uta.edu.ec, Nombre: Andres Pérez
2025-07-09 10:33:25 - Resultado de enviarCorreoResponsable: ÉXITO
2025-07-09 10:34:09 - [actualizarInscripcion] Actualización exitosa, preparando correo
2025-07-09 10:34:09 - [actualizarInscripcion] Datos inscrito: {"SECUENCIAL":94,"NOMBRES":"Juan","APELLIDOS":"Jurado","CEDULA":"1501187597","URL_CEDULA":"cedula_686e1c3fb11ae.pdf","URL_MATRICULA":null,"FECHA_NACIMIENTO":"2005-11-20","TELEFONO":"0996874123","DIRECCION":"Tena","CORREO":"juradojuan344@gmail.com","CONTRASENA":"$2y$10$stwL38PXP1KgIbxnf1LKx.P4pfGJYWwpSFiNGDoYNPXhWkdGUmcdO","CODIGOROL":"INV","CODIGOESTADO":"ACTIVO","ES_INTERNO":0,"FOTO_PERFIL":"perfil_686e1c3fb0e24.jpg","token_recupera":null,"token_expiracion":null}
2025-07-09 10:34:09 - [actualizarInscripcion] Datos evento: {"SECUENCIAL":180,"TITULO":"JavaScript Essentials 2","CONTENIDO":"<ul><li><strong>M\u00f3dulo 1: Objetos sin clases<\/strong>&nbsp;Manipulaci\u00f3n de objetos, comparaci\u00f3n, clonaci\u00f3n, m\u00e9todos, getters\/setters, prototipos y herencia.<\/li><li><strong>M\u00f3dulo 2: Clases y programaci\u00f3n basada en clases<\/strong>&nbsp;Declaraci\u00f3n de clases, propiedades, herencia, miembros est\u00e1ticos, getters y setters.<\/li><li><strong>M\u00f3dulo 3: Objetos integrados<\/strong>&nbsp;Uso de objetos como String, Date, Array, Map, Set; manejo de JSON; operaciones matem\u00e1ticas y expresiones regulares<\/li><li><strong>M\u00f3dulo 4: Uso avanzado de funciones&nbsp;<\/strong>Par\u00e1metros extendidos, closures, funciones de orden superior, generadores, programaci\u00f3n asincr\u00f3nica con callbacks y promesas.<\/li><\/ul>","DESCRIPCION":"<p>JavaScript Essentials 2 es un curso avanzado dise\u00f1ado para profundizar en las capacidades de programaci\u00f3n con JavaScript, abordando conceptos avanzados como la programaci\u00f3n orientada a objetos (OOP), t\u00e9cnicas funcionales y asincr\u00f3nicas. A trav\u00e9s de un enfoque pr\u00e1ctico, los estudiantes aprender\u00e1n a analizar y resolver problemas del mundo real, trabajar con estructuras de datos complejas y desarrollar aplicaciones m\u00e1s eficientes y escalables. Este curso prepara a los participantes construir un portafolio profesional que demuestre habilidades avanzadas en el desarrollo de aplicaciones con JavaScript.<\/p><h2>OBJETIVOS<\/h2><ul><li>Comprender e implementar clases y programaci\u00f3n basada en clases para estructurar aplicaciones siguiendo principios modernos de dise\u00f1o orientado a objetos.<\/li><li>Explorar y utilizar objetos integrados y estructuras avanzadas como Map, Set y JSON para optimizar el manejo de datos y mejorar el rendimiento de las aplicaciones<\/li><li>Aplicar t\u00e9cnicas avanzadas de programaci\u00f3n funcional y asincr\u00f3nica usando closures, funciones de orden superior, generadores y promesas para gestionar tareas complejas y asincr\u00f3nicas.<\/li><li>Desarrollar habilidades anal\u00edticas y pr\u00e1cticas en resoluci\u00f3n de problemas aplicando conceptos de JavaScript en proyectos pr\u00e1cticos para construir un portafolio competitivo.&nbsp;<\/li><\/ul><h2>LUGAR DE CELEBRACI\u00d3N<\/h2><p>Facultad de Ingenier\u00eda en Sistemas, Electr\u00f3nica e Industrial, CTT-FISEI. Campus Huachi, Ambato-Ecuador.<\/p>","CODIGOTIPOEVENTO":"CUR","FECHAINICIO":"2025-09-09","FECHAFIN":"2025-09-10","CODIGOMODALIDAD":"PRES","HORAS":5,"NOTAAPROBACION":null,"ES_PAGADO":1,"COSTO":"10.00","ES_SOLO_INTERNOS":0,"SECUENCIALCATEGORIA":4,"ESTADO":"DISPONIBLE","CAPACIDAD":40,"ES_DESTACADO":1,"ASISTENCIAMINIMA":"70.00","MODALIDAD":"Presencial","TIPO":"Curso","CATEGORIA":"Acad\u00e9mica","PORTADA":"portada_686de83b995b3.png","GALERIA":"galeria_686de83b9a4e4.png","CARRERAS":[{"SECUENCIAL":40,"NOMBRE_CARRERA":"Tecnolog\u00edas de la Informaci\u00f3n"},{"SECUENCIAL":43,"NOMBRE_CARRERA":"Software"}],"REQUISITOS":[155,156,157],"ORGANIZADORES":[{"SECUENCIALUSUARIO":92,"ROL_ORGANIZADOR":"RESPONSABLE","NOMBRES":"Andres","APELLIDOS":"P\u00e9rez","CORREO":"cjurado5795@uta.edu.ec"},{"SECUENCIALUSUARIO":92,"ROL_ORGANIZADOR":"ORGANIZADOR","NOMBRES":"Andres","APELLIDOS":"P\u00e9rez","CORREO":"cjurado5795@uta.edu.ec"}],"TODOS_REQUISITOS":[{"SECUENCIAL":1,"DESCRIPCION":"C\u00e9dula o documento de identidad","SECUENCIALEVENTO":null},{"SECUENCIAL":2,"DESCRIPCION":"Comprobante de matr\u00edcula vigente","SECUENCIALEVENTO":null},{"SECUENCIAL":4,"DESCRIPCION":"Aval Institucional","SECUENCIALEVENTO":null},{"SECUENCIAL":5,"DESCRIPCION":"Carta de autorizaci\u00f3n de la facultad","SECUENCIALEVENTO":null},{"SECUENCIAL":6,"DESCRIPCION":"Ensayo o trabajo previo requerido","SECUENCIALEVENTO":null},{"SECUENCIAL":7,"DESCRIPCION":"Certificado de Aprobaci\u00f3n Ingl\u00e9s B1","SECUENCIALEVENTO":null},{"SECUENCIAL":9,"DESCRIPCION":"Ticket de descuento","SECUENCIALEVENTO":null},{"SECUENCIAL":10,"DESCRIPCION":"Carta de invitaci\u00f3n oficial","SECUENCIALEVENTO":null},{"SECUENCIAL":142,"DESCRIPCION":"Acta de Matrimonio","SECUENCIALEVENTO":null},{"SECUENCIAL":155,"DESCRIPCION":"C\u00e9dula o documento de identidad","SECUENCIALEVENTO":180},{"SECUENCIAL":156,"DESCRIPCION":"Comprobante de matr\u00edcula vigente","SECUENCIALEVENTO":180},{"SECUENCIAL":157,"DESCRIPCION":"Ensayo o trabajo previo requerido","SECUENCIALEVENTO":180}]}
2025-07-09 10:34:09 - [actualizarInscripcion] ORGANIZADORES es array, count: 2
2025-07-09 10:34:09 - [actualizarInscripcion] Recorriendo ORGANIZADOR: {"SECUENCIALUSUARIO":92,"ROL_ORGANIZADOR":"RESPONSABLE","NOMBRES":"Andres","APELLIDOS":"P\u00e9rez","CORREO":"cjurado5795@uta.edu.ec"}
2025-07-09 10:34:09 - [actualizarInscripcion] Encontrado RESPONSABLE
2025-07-09 10:34:09 - [actualizarInscripcion] Datos responsable: {"SECUENCIAL":92,"NOMBRES":"Andres","APELLIDOS":"P\u00e9rez","CEDULA":"1500028987","URL_CEDULA":null,"URL_MATRICULA":null,"FECHA_NACIMIENTO":"1991-09-17","TELEFONO":"0982184126","DIRECCION":"Ambato-Huachi","CORREO":"cjurado5795@uta.edu.ec","CONTRASENA":"$2y$10$jI31D2optgFl2TNubsnwKOXk0b\/xqMlFNZBWRqzKsxXhkoJykIx1C","CODIGOROL":"DOC","CODIGOESTADO":"ACTIVO","ES_INTERNO":1,"FOTO_PERFIL":"perfil_686dd5a85f483.png","token_recupera":null,"token_expiracion":null}
2025-07-09 10:34:09 - [actualizarInscripcion] Enviando correo a cjurado5795@uta.edu.ec
